#
# There is insufficient memory for the Java Runtime Environment to continue.
# Native memory allocation (malloc) failed to allocate 131088 bytes for Chunk::new
# Possible reasons:
#   The system is out of physical RAM or swap space
#   In 32 bit mode, the process size limit was hit
# Possible solutions:
#   Reduce memory load on the system
#   Increase physical memory or swap space
#   Check if swap backing store is full
#   Use 64 bit Java on a 64 bit OS
#   Decrease Java heap size (-Xmx/-Xms)
#   Decrease number of Java threads
#   Decrease Java thread stack sizes (-Xss)
#   Set larger code cache with -XX:ReservedCodeCacheSize=
# This output file may be truncated or incomplete.
#
#  Out of Memory Error (allocation.cpp:390), pid=4340, tid=0x0000000000002e44
#
# JRE version: Java(TM) SE Runtime Environment (8.0_181-b13) (build 1.8.0_181-b13)
# Java VM: Java HotSpot(TM) 64-Bit Server VM (25.181-b13 mixed mode windows-amd64 compressed oops)
# Failed to write core dump. Minidumps are not enabled by default on client versions of Windows
#

---------------  T H R E A D  ---------------

Current thread (0x000000001785b800):  JavaThread "C2 CompilerThread1" daemon [_thread_in_native, id=11844, stack(0x0000000019290000,0x0000000019390000)]

Stack: [0x0000000019290000,0x0000000019390000]
[error occurred during error reporting (printing stack bounds), id 0xc0000005]

Native frames: (J=compiled Java code, j=interpreted, Vv=VM code, C=native code)


Current CompileTask:
C2:   2219 1473   !   4       java.net.URL::<init> (543 bytes)


---------------  P R O C E S S  ---------------

Java Threads: ( => current thread )
  0x0000000019b18000 JavaThread "background-preinit" [_thread_in_Java, id=9652, stack(0x000000001af10000,0x000000001b010000)]
  0x000000001788d000 JavaThread "Service Thread" daemon [_thread_blocked, id=12116, stack(0x0000000019490000,0x0000000019590000)]
  0x0000000017861800 JavaThread "C1 CompilerThread2" daemon [_thread_in_native, id=10076, stack(0x0000000019390000,0x0000000019490000)]
=>0x000000001785b800 JavaThread "C2 CompilerThread1" daemon [_thread_in_native, id=11844, stack(0x0000000019290000,0x0000000019390000)]
  0x0000000017856800 JavaThread "C2 CompilerThread0" daemon [_thread_in_native, id=6300, stack(0x0000000019190000,0x0000000019290000)]
  0x0000000018bd3800 JavaThread "Attach Listener" daemon [_thread_blocked, id=8664, stack(0x0000000019090000,0x0000000019190000)]
  0x0000000017843000 JavaThread "Signal Dispatcher" daemon [_thread_blocked, id=8172, stack(0x0000000018f90000,0x0000000019090000)]
  0x0000000017820800 JavaThread "Finalizer" daemon [_thread_blocked, id=1304, stack(0x0000000018a90000,0x0000000018b90000)]
  0x0000000002eb6000 JavaThread "Reference Handler" daemon [_thread_blocked, id=10464, stack(0x0000000018990000,0x0000000018a90000)]
  0x0000000002dc5800 JavaThread "main" [_thread_in_Java, id=7620, stack(0x0000000002cc0000,0x0000000002dc0000)]

Other Threads:
  0x00000000177f7800 VMThread [stack: 0x0000000018890000,0x0000000018990000] [id=3504]
  0x0000000018c44000 WatcherThread [stack: 0x0000000019590000,0x0000000019690000] [id=1480]

VM state:not at safepoint (normal execution)

VM Mutex/Monitor currently owned by a thread: None

Heap:
 PSYoungGen      total 68608K, used 13594K [0x00000000d6e00000, 0x00000000db600000, 0x0000000100000000)
  eden space 63488K, 13% used [0x00000000d6e00000,0x00000000d764cb50,0x00000000dac00000)
  from space 5120K, 99% used [0x00000000db100000,0x00000000db5fa020,0x00000000db600000)
  to   space 5120K, 0% used [0x00000000dac00000,0x00000000dac00000,0x00000000db100000)
 ParOldGen       total 84992K, used 5377K [0x0000000084a00000, 0x0000000089d00000, 0x00000000d6e00000)
  object space 84992K, 6% used [0x0000000084a00000,0x0000000084f40738,0x0000000089d00000)
 Metaspace       used 19842K, capacity 20348K, committed 20736K, reserved 1067008K
  class space    used 2565K, capacity 2712K, committed 2816K, reserved 1048576K

Card table byte_map: [0x0000000012280000,0x0000000012660000] byte_map_base: 0x0000000011e5b000

Marking Bits: (ParMarkBitMap*) 0x0000000055c42d00
 Begin Bits: [0x0000000012d00000, 0x0000000014bd8000)
 End Bits:   [0x0000000014bd8000, 0x0000000016ab0000)

Polling page: 0x0000000000f30000

CodeCache: size=245760Kb used=5099Kb max_used=5099Kb free=240660Kb
 bounds [0x0000000002ec0000, 0x00000000033c0000, 0x0000000011ec0000]
 total_blobs=1844 nmethods=1495 adapters=262
 compilation: enabled

Compilation events (10 events):
Event: 2.150 Thread 0x0000000017861800 nmethod 1495 0x00000000033a2690 code [0x00000000033a2860, 0x00000000033a30d0]
Event: 2.197 Thread 0x0000000017861800 1499       3       java.lang.invoke.TypeConvertingMethodAdapter::cast (42 bytes)
Event: 2.197 Thread 0x0000000017861800 nmethod 1499 0x00000000033a3790 code [0x00000000033a3940, 0x00000000033a3ee8]
Event: 2.198 Thread 0x0000000017861800 1500       3       java.lang.invoke.DirectMethodHandle::make (242 bytes)
Event: 2.201 Thread 0x0000000017861800 nmethod 1500 0x00000000033a40d0 code [0x00000000033a4420, 0x00000000033a5d48]
Event: 2.205 Thread 0x0000000017861800 1502       1       java.lang.invoke.InnerClassLambdaMetafactory::access$200 (5 bytes)
Event: 2.205 Thread 0x0000000017861800 nmethod 1502 0x00000000033a6990 code [0x00000000033a6ae0, 0x00000000033a6bd0]
Event: 2.205 Thread 0x0000000017861800 1503       1       java.lang.invoke.InfoFromMemberName::getReferenceKind (5 bytes)
Event: 2.206 Thread 0x0000000017861800 nmethod 1503 0x00000000033a6c50 code [0x00000000033a6da0, 0x00000000033a6eb0]
Event: 2.206 Thread 0x0000000017861800 1504       3       java.lang.invoke.TypeConvertingMethodAdapter::convertType (299 bytes)

GC Heap History (8 events):
Event: 1.125 GC heap before
{Heap before GC invocations=1 (full 0):
 PSYoungGen      total 36864K, used 31744K [0x00000000d6e00000, 0x00000000d9700000, 0x0000000100000000)
  eden space 31744K, 100% used [0x00000000d6e00000,0x00000000d8d00000,0x00000000d8d00000)
  from space 5120K, 0% used [0x00000000d9200000,0x00000000d9200000,0x00000000d9700000)
  to   space 5120K, 0% used [0x00000000d8d00000,0x00000000d8d00000,0x00000000d9200000)
 ParOldGen       total 84992K, used 0K [0x0000000084a00000, 0x0000000089d00000, 0x00000000d6e00000)
  object space 84992K, 0% used [0x0000000084a00000,0x0000000084a00000,0x0000000089d00000)
 Metaspace       used 10101K, capacity 10456K, committed 10496K, reserved 1058816K
  class space    used 1164K, capacity 1272K, committed 1280K, reserved 1048576K
Event: 1.134 GC heap after
Heap after GC invocations=1 (full 0):
 PSYoungGen      total 36864K, used 5089K [0x00000000d6e00000, 0x00000000d9700000, 0x0000000100000000)
  eden space 31744K, 0% used [0x00000000d6e00000,0x00000000d6e00000,0x00000000d8d00000)
  from space 5120K, 99% used [0x00000000d8d00000,0x00000000d91f86c8,0x00000000d9200000)
  to   space 5120K, 0% used [0x00000000d9200000,0x00000000d9200000,0x00000000d9700000)
 ParOldGen       total 84992K, used 64K [0x0000000084a00000, 0x0000000089d00000, 0x00000000d6e00000)
  object space 84992K, 0% used [0x0000000084a00000,0x0000000084a10000,0x0000000089d00000)
 Metaspace       used 10101K, capacity 10456K, committed 10496K, reserved 1058816K
  class space    used 1164K, capacity 1272K, committed 1280K, reserved 1048576K
}
Event: 1.510 GC heap before
{Heap before GC invocations=2 (full 0):
 PSYoungGen      total 36864K, used 36833K [0x00000000d6e00000, 0x00000000d9700000, 0x0000000100000000)
  eden space 31744K, 100% used [0x00000000d6e00000,0x00000000d8d00000,0x00000000d8d00000)
  from space 5120K, 99% used [0x00000000d8d00000,0x00000000d91f86c8,0x00000000d9200000)
  to   space 5120K, 0% used [0x00000000d9200000,0x00000000d9200000,0x00000000d9700000)
 ParOldGen       total 84992K, used 64K [0x0000000084a00000, 0x0000000089d00000, 0x00000000d6e00000)
  object space 84992K, 0% used [0x0000000084a00000,0x0000000084a10000,0x0000000089d00000)
 Metaspace       used 13159K, capacity 13586K, committed 13696K, reserved 1060864K
  class space    used 1714K, capacity 1845K, committed 1920K, reserved 1048576K
Event: 1.520 GC heap after
Heap after GC invocations=2 (full 0):
 PSYoungGen      total 36864K, used 5107K [0x00000000d6e00000, 0x00000000db600000, 0x0000000100000000)
  eden space 31744K, 0% used [0x00000000d6e00000,0x00000000d6e00000,0x00000000d8d00000)
  from space 5120K, 99% used [0x00000000d9200000,0x00000000d96fcd88,0x00000000d9700000)
  to   space 5120K, 0% used [0x00000000d8d00000,0x00000000d8d00000,0x00000000d9200000)
 ParOldGen       total 84992K, used 580K [0x0000000084a00000, 0x0000000089d00000, 0x00000000d6e00000)
  object space 84992K, 0% used [0x0000000084a00000,0x0000000084a91310,0x0000000089d00000)
 Metaspace       used 13159K, capacity 13586K, committed 13696K, reserved 1060864K
  class space    used 1714K, capacity 1845K, committed 1920K, reserved 1048576K
}
Event: 1.889 GC heap before
{Heap before GC invocations=3 (full 0):
 PSYoungGen      total 36864K, used 36851K [0x00000000d6e00000, 0x00000000db600000, 0x0000000100000000)
  eden space 31744K, 100% used [0x00000000d6e00000,0x00000000d8d00000,0x00000000d8d00000)
  from space 5120K, 99% used [0x00000000d9200000,0x00000000d96fcd88,0x00000000d9700000)
  to   space 5120K, 0% used [0x00000000d8d00000,0x00000000d8d00000,0x00000000d9200000)
 ParOldGen       total 84992K, used 580K [0x0000000084a00000, 0x0000000089d00000, 0x00000000d6e00000)
  object space 84992K, 0% used [0x0000000084a00000,0x0000000084a91310,0x0000000089d00000)
 Metaspace       used 16879K, capacity 17416K, committed 17792K, reserved 1064960K
  class space    used 2178K, capacity 2330K, committed 2432K, reserved 1048576K
Event: 1.897 GC heap after
Heap after GC invocations=3 (full 0):
 PSYoungGen      total 36864K, used 5095K [0x00000000d6e00000, 0x00000000db600000, 0x0000000100000000)
  eden space 31744K, 0% used [0x00000000d6e00000,0x00000000d6e00000,0x00000000d8d00000)
  from space 5120K, 99% used [0x00000000d8d00000,0x00000000d91f9d48,0x00000000d9200000)
  to   space 5120K, 0% used [0x00000000db100000,0x00000000db100000,0x00000000db600000)
 ParOldGen       total 84992K, used 2817K [0x0000000084a00000, 0x0000000089d00000, 0x00000000d6e00000)
  object space 84992K, 3% used [0x0000000084a00000,0x0000000084cc07d0,0x0000000089d00000)
 Metaspace       used 16879K, capacity 17416K, committed 17792K, reserved 1064960K
  class space    used 2178K, capacity 2330K, committed 2432K, reserved 1048576K
}
Event: 2.165 GC heap before
{Heap before GC invocations=4 (full 0):
 PSYoungGen      total 36864K, used 36839K [0x00000000d6e00000, 0x00000000db600000, 0x0000000100000000)
  eden space 31744K, 100% used [0x00000000d6e00000,0x00000000d8d00000,0x00000000d8d00000)
  from space 5120K, 99% used [0x00000000d8d00000,0x00000000d91f9d48,0x00000000d9200000)
  to   space 5120K, 0% used [0x00000000db100000,0x00000000db100000,0x00000000db600000)
 ParOldGen       total 84992K, used 2817K [0x0000000084a00000, 0x0000000089d00000, 0x00000000d6e00000)
  object space 84992K, 3% used [0x0000000084a00000,0x0000000084cc07d0,0x0000000089d00000)
 Metaspace       used 19660K, capacity 20256K, committed 20480K, reserved 1067008K
  class space    used 2538K, capacity 2698K, committed 2816K, reserved 1048576K
Event: 2.181 GC heap after
Heap after GC invocations=4 (full 0):
 PSYoungGen      total 68608K, used 5096K [0x00000000d6e00000, 0x00000000db600000, 0x0000000100000000)
  eden space 63488K, 0% used [0x00000000d6e00000,0x00000000d6e00000,0x00000000dac00000)
  from space 5120K, 99% used [0x00000000db100000,0x00000000db5fa020,0x00000000db600000)
  to   space 5120K, 0% used [0x00000000dac00000,0x00000000dac00000,0x00000000db100000)
 ParOldGen       total 84992K, used 5377K [0x0000000084a00000, 0x0000000089d00000, 0x00000000d6e00000)
  object space 84992K, 6% used [0x0000000084a00000,0x0000000084f40738,0x0000000089d00000)
 Metaspace       used 19660K, capacity 20256K, committed 20480K, reserved 1067008K
  class space    used 2538K, capacity 2698K, committed 2816K, reserved 1048576K
}

Deoptimization events (10 events):
Event: 1.683 Thread 0x0000000019b18000 Uncommon trap: reason=class_check action=maybe_recompile pc=0x0000000003290154 method=java.util.HashMap.putVal(ILjava/lang/Object;Ljava/lang/Object;ZZ)Ljava/lang/Object; @ 203
Event: 1.683 Thread 0x0000000019b18000 Uncommon trap: reason=class_check action=maybe_recompile pc=0x0000000003290154 method=java.util.HashMap.putVal(ILjava/lang/Object;Ljava/lang/Object;ZZ)Ljava/lang/Object; @ 203
Event: 1.689 Thread 0x0000000019b18000 Uncommon trap: reason=class_check action=maybe_recompile pc=0x0000000003290154 method=java.util.HashMap.putVal(ILjava/lang/Object;Ljava/lang/Object;ZZ)Ljava/lang/Object; @ 203
Event: 1.690 Thread 0x0000000019b18000 Uncommon trap: reason=class_check action=maybe_recompile pc=0x0000000003290154 method=java.util.HashMap.putVal(ILjava/lang/Object;Ljava/lang/Object;ZZ)Ljava/lang/Object; @ 203
Event: 1.693 Thread 0x0000000019b18000 Uncommon trap: reason=class_check action=maybe_recompile pc=0x000000000327fb48 method=java.util.HashMap.putVal(ILjava/lang/Object;Ljava/lang/Object;ZZ)Ljava/lang/Object; @ 203
Event: 1.696 Thread 0x0000000002dc5800 Uncommon trap: reason=unstable_if action=reinterpret pc=0x00000000031319fc method=java.util.HashMap.getNode(ILjava/lang/Object;)Ljava/util/HashMap$Node; @ 129
Event: 1.762 Thread 0x0000000002dc5800 Uncommon trap: reason=unstable_if action=reinterpret pc=0x00000000032d3a1c method=java.io.WinNTFileSystem.normalize(Ljava/lang/String;II)Ljava/lang/String; @ 90
Event: 1.789 Thread 0x0000000002dc5800 Uncommon trap: reason=bimorphic action=maybe_recompile pc=0x00000000032e0044 method=java.util.HashMap.putVal(ILjava/lang/Object;Ljava/lang/Object;ZZ)Ljava/lang/Object; @ 203
Event: 1.932 Thread 0x0000000002dc5800 Uncommon trap: reason=unstable_if action=reinterpret pc=0x000000000332ec6c method=java.util.concurrent.ConcurrentHashMap.addCount(JI)V @ 34
Event: 1.986 Thread 0x0000000002dc5800 Uncommon trap: reason=bimorphic action=maybe_recompile pc=0x00000000032e0044 method=java.util.HashMap.putVal(ILjava/lang/Object;Ljava/lang/Object;ZZ)Ljava/lang/Object; @ 203

Classes redefined (0 events):
No events

Internal exceptions (10 events):
Event: 1.993 Thread 0x0000000002dc5800 Exception <a 'java/lang/ClassNotFoundException': org/springframework/beans/factory/config/BeanFactoryPostProcessorCustomizer> (0x00000000d775e1c0) thrown at [C:\re\workspace\8-2-build-windows-amd64-cygwin\jdk8u181\11358\hotspot\src\share\vm\classfile\syst
Event: 1.994 Thread 0x0000000002dc5800 Exception <a 'java/lang/ClassNotFoundException': org/springframework/core/PriorityOrderedCustomizer> (0x00000000d7776c28) thrown at [C:\re\workspace\8-2-build-windows-amd64-cygwin\jdk8u181\11358\hotspot\src\share\vm\classfile\systemDictionary.cpp, line 21
Event: 1.994 Thread 0x0000000002dc5800 Exception <a 'java/lang/ClassNotFoundException': org/springframework/core/OrderedCustomizer> (0x00000000d778c030) thrown at [C:\re\workspace\8-2-build-windows-amd64-cygwin\jdk8u181\11358\hotspot\src\share\vm\classfile\systemDictionary.cpp, line 210]
Event: 1.995 Thread 0x0000000002dc5800 Exception <a 'java/lang/ClassNotFoundException': org/springframework/context/ResourceLoaderAwareCustomizer> (0x00000000d77a70e0) thrown at [C:\re\workspace\8-2-build-windows-amd64-cygwin\jdk8u181\11358\hotspot\src\share\vm\classfile\systemDictionary.cpp, 
Event: 1.996 Thread 0x0000000002dc5800 Exception <a 'java/lang/ClassNotFoundException': org/springframework/beans/factory/AwareCustomizer> (0x00000000d77bfed0) thrown at [C:\re\workspace\8-2-build-windows-amd64-cygwin\jdk8u181\11358\hotspot\src\share\vm\classfile\systemDictionary.cpp, line 210
Event: 1.997 Thread 0x0000000002dc5800 Exception <a 'java/lang/ClassNotFoundException': org/springframework/beans/factory/BeanClassLoaderAwareCustomizer> (0x00000000d77dcaa0) thrown at [C:\re\workspace\8-2-build-windows-amd64-cygwin\jdk8u181\11358\hotspot\src\share\vm\classfile\systemDictionar
Event: 1.999 Thread 0x0000000002dc5800 Exception <a 'java/lang/ClassNotFoundException': org/springframework/beans/factory/AwareCustomizer> (0x00000000d77f58a8) thrown at [C:\re\workspace\8-2-build-windows-amd64-cygwin\jdk8u181\11358\hotspot\src\share\vm\classfile\systemDictionary.cpp, line 210
Event: 2.000 Thread 0x0000000002dc5800 Exception <a 'java/lang/ClassNotFoundException': org/springframework/context/EnvironmentAwareCustomizer> (0x00000000d780ee38) thrown at [C:\re\workspace\8-2-build-windows-amd64-cygwin\jdk8u181\11358\hotspot\src\share\vm\classfile\systemDictionary.cpp, lin
Event: 2.001 Thread 0x0000000002dc5800 Exception <a 'java/lang/ClassNotFoundException': org/springframework/beans/factory/AwareCustomizer> (0x00000000d7827b20) thrown at [C:\re\workspace\8-2-build-windows-amd64-cygwin\jdk8u181\11358\hotspot\src\share\vm\classfile\systemDictionary.cpp, line 210
Event: 2.065 Thread 0x0000000002dc5800 Exception <a 'java/lang/NoSuchMethodError': java.lang.Object.lambda$comparing$77a9974f$1(Ljava/util/function/Function;Ljava/lang/Object;Ljava/lang/Object;)I> (0x00000000d7e91da8) thrown at [C:\re\workspace\8-2-build-windows-amd64-cygwin\jdk8u181\11358\hot

Events (10 events):
Event: 2.208 loading class com/fasterxml/jackson/databind/module/SimpleDeserializers
Event: 2.208 loading class com/fasterxml/jackson/databind/module/SimpleDeserializers done
Event: 2.209 loading class com/fasterxml/jackson/databind/type/ClassKey
Event: 2.209 loading class com/fasterxml/jackson/databind/type/ClassKey done
Event: 2.210 loading class java/time/ZoneOffset
Event: 2.210 loading class java/time/ZoneOffset done
Event: 2.212 loading class com/fasterxml/jackson/datatype/jsr310/deser/JSR310StringParsableDeserializer
Event: 2.212 loading class com/fasterxml/jackson/datatype/jsr310/deser/JSR310StringParsableDeserializer done
Event: 2.214 loading class com/fasterxml/jackson/databind/module/SimpleSerializers
Event: 2.214 loading class com/fasterxml/jackson/databind/module/SimpleSerializers done


Dynamic libraries:
0x00007ff6fe730000 - 0x00007ff6fe767000 	C:\Program Files\Java\jdk1.8.0_181\bin\javaw.exe
0x00007ffcc95c0000 - 0x00007ffcc97a1000 	C:\Windows\SYSTEM32\ntdll.dll
0x00007ffcc6ca0000 - 0x00007ffcc6d52000 	C:\Windows\System32\KERNEL32.DLL
0x00007ffcc5ce0000 - 0x00007ffcc5f53000 	C:\Windows\System32\KERNELBASE.dll
0x00007ffcc7670000 - 0x00007ffcc7711000 	C:\Windows\System32\ADVAPI32.dll
0x00007ffcc6f00000 - 0x00007ffcc6f9e000 	C:\Windows\System32\msvcrt.dll
0x00007ffcc8ff0000 - 0x00007ffcc904b000 	C:\Windows\System32\sechost.dll
0x00007ffcc7780000 - 0x00007ffcc78a4000 	C:\Windows\System32\RPCRT4.dll
0x00007ffcc79a0000 - 0x00007ffcc7b30000 	C:\Windows\System32\USER32.dll
0x00007ffcc6930000 - 0x00007ffcc6950000 	C:\Windows\System32\win32u.dll
0x00007ffcc7570000 - 0x00007ffcc7598000 	C:\Windows\System32\GDI32.dll
0x00007ffcc66f0000 - 0x00007ffcc6882000 	C:\Windows\System32\gdi32full.dll
0x00007ffcc6890000 - 0x00007ffcc692f000 	C:\Windows\System32\msvcp_win.dll
0x00007ffcc6950000 - 0x00007ffcc6a4a000 	C:\Windows\System32\ucrtbase.dll
0x00007ffcacbb0000 - 0x00007ffcace19000 	C:\Windows\WinSxS\amd64_microsoft.windows.common-controls_6595b64144ccf1df_6.0.17134.441_none_fb3e9b173068fb23\COMCTL32.dll
0x00007ffcc7240000 - 0x00007ffcc7562000 	C:\Windows\System32\combase.dll
0x00007ffcc5f60000 - 0x00007ffcc5fda000 	C:\Windows\System32\bcryptPrimitives.dll
0x00007ffcc9050000 - 0x00007ffcc907d000 	C:\Windows\System32\IMM32.DLL
0x0000000054c90000 - 0x0000000054d62000 	C:\Program Files\Java\jdk1.8.0_181\jre\bin\msvcr100.dll
0x0000000055420000 - 0x0000000055cc2000 	C:\Program Files\Java\jdk1.8.0_181\jre\bin\server\jvm.dll
0x00007ffcc6c90000 - 0x00007ffcc6c98000 	C:\Windows\System32\PSAPI.DLL
0x00007ffcbb0b0000 - 0x00007ffcbb0b9000 	C:\Windows\SYSTEM32\WSOCK32.dll
0x00007ffcc20f0000 - 0x00007ffcc2113000 	C:\Windows\SYSTEM32\WINMM.dll
0x00007ffcbb1c0000 - 0x00007ffcbb1ca000 	C:\Windows\SYSTEM32\VERSION.dll
0x00007ffcc75a0000 - 0x00007ffcc760c000 	C:\Windows\System32\WS2_32.dll
0x00007ffcc20c0000 - 0x00007ffcc20ea000 	C:\Windows\SYSTEM32\winmmbase.dll
0x00007ffcc5a40000 - 0x00007ffcc5a89000 	C:\Windows\System32\cfgmgr32.dll
0x0000000055330000 - 0x000000005533f000 	C:\Program Files\Java\jdk1.8.0_181\jre\bin\verify.dll
0x0000000055300000 - 0x0000000055329000 	C:\Program Files\Java\jdk1.8.0_181\jre\bin\java.dll
0x00000000552e0000 - 0x00000000552f6000 	C:\Program Files\Java\jdk1.8.0_181\jre\bin\zip.dll
0x00007ffcc7bb0000 - 0x00007ffcc8ff0000 	C:\Windows\System32\SHELL32.dll
0x00007ffcc94e0000 - 0x00007ffcc9589000 	C:\Windows\System32\shcore.dll
0x00007ffcc5fe0000 - 0x00007ffcc66ed000 	C:\Windows\System32\windows.storage.dll
0x00007ffcc7720000 - 0x00007ffcc7771000 	C:\Windows\System32\shlwapi.dll
0x00007ffcc5900000 - 0x00007ffcc5911000 	C:\Windows\System32\kernel.appcore.dll
0x00007ffcc5920000 - 0x00007ffcc593f000 	C:\Windows\System32\profapi.dll
0x00007ffcc5940000 - 0x00007ffcc598c000 	C:\Windows\System32\powrprof.dll
0x00007ffcc58d0000 - 0x00007ffcc58da000 	C:\Windows\System32\FLTLIB.DLL
0x0000000055250000 - 0x000000005525d000 	C:\Program Files\Java\jdk1.8.0_181\jre\bin\management.dll
0x00000000552c0000 - 0x00000000552da000 	C:\Program Files\Java\jdk1.8.0_181\jre\bin\net.dll
0x00007ffcc5130000 - 0x00007ffcc5196000 	C:\Windows\system32\mswsock.dll
0x00007ffca8d40000 - 0x00007ffca8d56000 	C:\Windows\system32\napinsp.dll
0x00007ffca8ab0000 - 0x00007ffca8aca000 	C:\Windows\system32\pnrpnsp.dll
0x00007ffcc19d0000 - 0x00007ffcc19e9000 	C:\Windows\system32\NLAapi.dll
0x00007ffcc4ef0000 - 0x00007ffcc4fae000 	C:\Windows\SYSTEM32\DNSAPI.dll
0x00007ffcc94d0000 - 0x00007ffcc94d8000 	C:\Windows\System32\NSI.dll
0x00007ffcc4eb0000 - 0x00007ffcc4ee8000 	C:\Windows\SYSTEM32\IPHLPAPI.DLL
0x00007ffca8aa0000 - 0x00007ffca8aae000 	C:\Windows\System32\winrnr.dll
0x00007ffcbd4a0000 - 0x00007ffcbd4b5000 	C:\Windows\System32\wshbth.dll
0x00007ffcbb090000 - 0x00007ffcbb09a000 	C:\Windows\System32\rasadhlp.dll
0x00007ffcbafd0000 - 0x00007ffcbb042000 	C:\Windows\System32\fwpuclnt.dll
0x00007ffcc5410000 - 0x00007ffcc5435000 	C:\Windows\SYSTEM32\bcrypt.dll

VM Arguments:
jvm_args: -Dfile.encoding=UTF-8 
java_command: com.DemoConsumerApplication
java_class_path (initial): C:\Program Files\Java\jdk1.8.0_181\jre\lib\resources.jar;C:\Program Files\Java\jdk1.8.0_181\jre\lib\rt.jar;C:\Program Files\Java\jdk1.8.0_181\jre\lib\jsse.jar;C:\Program Files\Java\jdk1.8.0_181\jre\lib\jce.jar;C:\Program Files\Java\jdk1.8.0_181\jre\lib\charsets.jar;C:\Program Files\Java\jdk1.8.0_181\jre\lib\jfr.jar;C:\Program Files\Java\jdk1.8.0_181\jre\lib\ext\access-bridge-64.jar;C:\Program Files\Java\jdk1.8.0_181\jre\lib\ext\cldrdata.jar;C:\Program Files\Java\jdk1.8.0_181\jre\lib\ext\dnsns.jar;C:\Program Files\Java\jdk1.8.0_181\jre\lib\ext\jaccess.jar;C:\Program Files\Java\jdk1.8.0_181\jre\lib\ext\jfxrt.jar;C:\Program Files\Java\jdk1.8.0_181\jre\lib\ext\localedata.jar;C:\Program Files\Java\jdk1.8.0_181\jre\lib\ext\nashorn.jar;C:\Program Files\Java\jdk1.8.0_181\jre\lib\ext\sunec.jar;C:\Program Files\Java\jdk1.8.0_181\jre\lib\ext\sunjce_provider.jar;C:\Program Files\Java\jdk1.8.0_181\jre\lib\ext\sunmscapi.jar;C:\Program Files\Java\jdk1.8.0_181\jre\lib\ext\sunpkcs11.jar;C:\Program Files\Java\jdk1.8.0_181\jre\lib\ext\zipfs.jar;F:\eclipse-workspace\demo-consumer\target\classes;F:\eclipse-workspace\demo-interface\target\classes;H:\local\repo\org\springframework\boot\spring-boot-starter-thymeleaf\2.1.2.RELEASE\spring-boot-starter-thymeleaf-2.1.2.RELEASE.jar;H:\local\repo\org\springframework\boot\spring-boot-starter\2.1.2.RELEASE\spring-boot-starter-2.1.2.RELEASE.jar;H:\local\repo\org\springframework\boot\spring-boot\2.1.2.RELEASE\spring-boot-2.1.2.RELEASE.jar;H:\local\repo\org\springframework\boot\spring-boot-autoconfigure\2.1.2.RELEASE\spring-boot-autoconfigure-2.1.2.RELEASE.jar;H:\local\repo\org\springframework\boot\spring-boot-starter-logging\2.1.2.RELEASE\spring-boot-starter-logging-2.1.2.RELEASE.jar;H:\local\repo\ch\qos\logback\logback-classic\1.2.3\logback-classic-1.2.3.jar;H:\local\repo\ch\qos\logback\logback-core\1.2.3\logback-core-1.2.3.jar;H:\local\repo\org\apache\logging\log4j\log4j-to-slf4j\2.11.1\log4j-to-slf4j-2.11.1.jar;H:\loc
Launcher Type: SUN_STANDARD

Environment Variables:
JAVA_HOME=C:\Program Files\Java\jdk1.8.0_181
CLASSPATH=.;C:\Program Files\Java\jdk1.8.0_181\lib\dt.jar;C:\Program Files\Java\jdk1.8.0_181\lib\tools.jar
PATH=C:/Program Files/Java/jdk1.8.0_181/bin/../jre/bin/server;C:/Program Files/Java/jdk1.8.0_181/bin/../jre/bin;C:/Program Files/Java/jdk1.8.0_181/bin/../jre/lib/amd64;C:\Windows\system32;C:\Windows;C:\Windows\System32\Wbem;C:\Windows\System32\WindowsPowerShell\v1.0\;C:\Windows\System32\OpenSSH\;C:\Program Files\Intel\WiFi\bin\;C:\Program Files\Common Files\Intel\WirelessCommon\;C:\Program Files\Java\jdk1.8.0_181\bin;C:\Program Files\Java\jdk1.8.0_181\jre\bin;C:\Program Files\MySQL\MySQL Utilities 1.6\;C:\Program Files\MySQL\MySQL Server 5.7\bin;H:\Program Files\apache-maven-3.5.3\bin;H:\Redis;H:\erl10.2\bin;;C:\Users\My\Desktop;
USERNAME=My
OS=Windows_NT
PROCESSOR_IDENTIFIER=Intel64 Family 6 Model 61 Stepping 4, GenuineIntel



---------------  S Y S T E M  ---------------

OS: Windows 10.0 , 64 bit Build 17134 (10.0.17134.1)

CPU:total 4 (initial active 4) (2 cores per cpu, 2 threads per core) family 6 model 61 stepping 4, cmov, cx8, fxsr, mmx, sse, sse2, sse3, ssse3, sse4.1, sse4.2, popcnt, avx, avx2, aes, clmul, erms, rtm, 3dnowpref, lzcnt, ht, tsc, tscinvbit, bmi1, bmi2, adx

Memory: 4k page, physical 8077532k(1741744k free), swap 8077532k(5160k free)

vm_info: Java HotSpot(TM) 64-Bit Server VM (25.181-b13) for windows-amd64 JRE (1.8.0_181-b13), built on Jul  7 2018 04:01:33 by "java_re" with MS VC++ 10.0 (VS2010)

time: Wed Jan 23 23:20:23 2019
elapsed time: 2 seconds (0d 0h 0m 2s)

